#
# There is insufficient memory for the Java Runtime Environment to continue.
# Native memory allocation (mmap) failed to map 255852544 bytes for G1 virtual space
# Possible reasons:
#   The system is out of physical RAM or swap space
#   The process is running with CompressedOops enabled, and the Java Heap may be blocking the growth of the native heap
# Possible solutions:
#   Reduce memory load on the system
#   Increase physical memory or swap space
#   Check if swap backing store is full
#   Decrease Java heap size (-Xmx/-Xms)
#   Decrease number of Java threads
#   Decrease Java thread stack sizes (-Xss)
#   Set larger code cache with -XX:ReservedCodeCacheSize=
#   JVM is running with Unscaled Compressed Oops mode in which the Java heap is
#     placed in the first 4GB address space. The Java Heap base address is the
#     maximum limit for the native heap growth. Please use -XX:HeapBaseMinAddress
#     to set the Java Heap base and to place the Java Heap above 4GB virtual address.
# This output file may be truncated or incomplete.
#
#  Out of Memory Error (os_windows.cpp:3613), pid=5456, tid=11616
#
# JRE version:  (17.0.10+7) (build )
# Java VM: OpenJDK 64-Bit Server VM (17.0.10+7, mixed mode, emulated-client, sharing, tiered, compressed oops, compressed class ptrs, g1 gc, windows-amd64)
# No core dump will be written. Minidumps are not enabled by default on client versions of Windows
#

---------------  S U M M A R Y ------------

Command Line: -XX:+HeapDumpOnOutOfMemoryError -Xmx1024m -Dsts.lsp.client=vscode -Dsts.log.file=/dev/null -XX:TieredStopAtLevel=1 -Xlog:jni+resolve=off -Dspring.config.location=file:c:\Users\Hi There\.vscode\extensions\vmware.vscode-spring-boot-1.53.2024031204\language-server\BOOT-INF\classes\application.properties org.springframework.ide.vscode.boot.app.BootLanguageServerBootApp

Host: AMD Ryzen 7 6800H with Radeon Graphics         , 16 cores, 15G,  Windows 11 , 64 bit Build 22621 (10.0.22621.3235)
Time: Sat Mar 16 22:39:17 2024 SE Asia Standard Time elapsed time: 0.014703 seconds (0d 0h 0m 0s)

---------------  T H R E A D  ---------------

Current thread (0x0000013f1497b290):  JavaThread "Unknown thread" [_thread_in_vm, id=11616, stack(0x0000003673500000,0x0000003673600000)]

Stack: [0x0000003673500000,0x0000003673600000]
Native frames: (J=compiled Java code, j=interpreted, Vv=VM code, C=native code)
V  [jvm.dll+0x67d2c9]
V  [jvm.dll+0x834afa]
V  [jvm.dll+0x8365be]
V  [jvm.dll+0x836c23]
V  [jvm.dll+0x2477ff]
V  [jvm.dll+0x67a109]
V  [jvm.dll+0x66eb7a]
V  [jvm.dll+0x30764b]
V  [jvm.dll+0x30eaf6]
V  [jvm.dll+0x35e83e]
V  [jvm.dll+0x35ea6f]
V  [jvm.dll+0x2de248]
V  [jvm.dll+0x2df1b4]
V  [jvm.dll+0x806361]
V  [jvm.dll+0x36c6f1]
V  [jvm.dll+0x7e4e06]
V  [jvm.dll+0x3eff3f]
V  [jvm.dll+0x3f1b71]
C  [jli.dll+0x528f]
C  [ucrtbase.dll+0x29363]
C  [KERNEL32.DLL+0x1257d]
C  [ntdll.dll+0x5aa58]


---------------  P R O C E S S  ---------------

Threads class SMR info:
_java_thread_list=0x00007ffcb9d5ee98, length=0, elements={
}

Java Threads: ( => current thread )

Other Threads:
  0x0000013f149bb810 GCTaskThread "GC Thread#0" [stack: 0x0000003673600000,0x0000003673700000] [id=26688]
  0x0000013f149c4760 ConcurrentGCThread "G1 Main Marker" [stack: 0x0000003673700000,0x0000003673800000] [id=16236]
  0x0000013f149c5180 ConcurrentGCThread "G1 Conc#0" [stack: 0x0000003673800000,0x0000003673900000] [id=4840]

[error occurred during error reporting (printing all threads), id 0xc0000005, EXCEPTION_ACCESS_VIOLATION (0xc0000005) at pc=0x00007ffcb951ec87]

VM state: not at safepoint (not fully initialized)

VM Mutex/Monitor currently owned by a thread:  ([mutex/lock_event])
[0x0000013f1271ef00] Heap_lock - owner thread: 0x0000013f1497b290

Heap address: 0x00000000c0000000, size: 1024 MB, Compressed Oops mode: 32-bit

CDS archive(s) mapped at: [0x0000000000000000-0x0000000000000000-0x0000000000000000), size 0, SharedBaseAddress: 0x0000000800000000, ArchiveRelocationMode: 1.
Narrow klass base: 0x0000000000000000, Narrow klass shift: 0, Narrow klass range: 0x0

GC Precious Log:
<Empty>

Heap:
 garbage-first heap   total 0K, used 0K [0x00000000c0000000, 0x0000000100000000)
  region size 1024K, 0 young (0K), 0 survivors (0K)

[error occurred during error reporting (printing heap information), id 0xc0000005, EXCEPTION_ACCESS_VIOLATION (0xc0000005) at pc=0x00007ffcb9906fb9]

GC Heap History (0 events):
No events

Dll operation events (1 events):
Event: 0.009 Loaded shared library c:\Users\Hi There\.vscode\extensions\redhat.java-1.28.1-win32-x64\jre\17.0.10-win32-x86_64\bin\java.dll

Deoptimization events (0 events):
No events

Classes unloaded (0 events):
No events

Classes redefined (0 events):
No events

Internal exceptions (0 events):
No events

VM Operations (0 events):
No events

Events (0 events):
No events


Dynamic libraries:
0x00007ff7e3cd0000 - 0x00007ff7e3cde000 	c:\Users\Hi There\.vscode\extensions\redhat.java-1.28.1-win32-x64\jre\17.0.10-win32-x86_64\bin\java.exe
0x00007ffd4a4d0000 - 0x00007ffd4a6e6000 	C:\WINDOWS\SYSTEM32\ntdll.dll
0x00007ffd49810000 - 0x00007ffd498d4000 	C:\WINDOWS\System32\KERNEL32.DLL
0x00007ffd47810000 - 0x00007ffd47bb6000 	C:\WINDOWS\System32\KERNELBASE.dll
0x00007ffd48060000 - 0x00007ffd48171000 	C:\WINDOWS\System32\ucrtbase.dll
0x00007ffd408b0000 - 0x00007ffd408c7000 	c:\Users\Hi There\.vscode\extensions\redhat.java-1.28.1-win32-x64\jre\17.0.10-win32-x86_64\bin\jli.dll
0x00007ffd3fcf0000 - 0x00007ffd3fd0b000 	c:\Users\Hi There\.vscode\extensions\redhat.java-1.28.1-win32-x64\jre\17.0.10-win32-x86_64\bin\VCRUNTIME140.dll
0x00007ffd48ab0000 - 0x00007ffd48c5d000 	C:\WINDOWS\System32\USER32.dll
0x00007ffd48030000 - 0x00007ffd48056000 	C:\WINDOWS\System32\win32u.dll
0x00007ffd36550000 - 0x00007ffd367e3000 	C:\WINDOWS\WinSxS\amd64_microsoft.windows.common-controls_6595b64144ccf1df_6.0.22621.3235_none_270f74e173860f98\COMCTL32.dll
0x00007ffd49630000 - 0x00007ffd49659000 	C:\WINDOWS\System32\GDI32.dll
0x00007ffd49a90000 - 0x00007ffd49b37000 	C:\WINDOWS\System32\msvcrt.dll
0x00007ffd47e60000 - 0x00007ffd47f78000 	C:\WINDOWS\System32\gdi32full.dll
0x00007ffd48180000 - 0x00007ffd4821a000 	C:\WINDOWS\System32\msvcp_win.dll
0x00007ffd4a0c0000 - 0x00007ffd4a0f1000 	C:\WINDOWS\System32\IMM32.DLL
0x00007ffd3fce0000 - 0x00007ffd3fcec000 	c:\Users\Hi There\.vscode\extensions\redhat.java-1.28.1-win32-x64\jre\17.0.10-win32-x86_64\bin\vcruntime140_1.dll
0x00007ffd1f310000 - 0x00007ffd1f39d000 	c:\Users\Hi There\.vscode\extensions\redhat.java-1.28.1-win32-x64\jre\17.0.10-win32-x86_64\bin\msvcp140.dll
0x00007ffcb9230000 - 0x00007ffcb9e92000 	c:\Users\Hi There\.vscode\extensions\redhat.java-1.28.1-win32-x64\jre\17.0.10-win32-x86_64\bin\server\jvm.dll
0x00007ffd4a2f0000 - 0x00007ffd4a3a2000 	C:\WINDOWS\System32\ADVAPI32.dll
0x00007ffd4a100000 - 0x00007ffd4a1a8000 	C:\WINDOWS\System32\sechost.dll
0x00007ffd47f80000 - 0x00007ffd47fa8000 	C:\WINDOWS\System32\bcrypt.dll
0x00007ffd4a1d0000 - 0x00007ffd4a2e5000 	C:\WINDOWS\System32\RPCRT4.dll
0x00007ffd20040000 - 0x00007ffd20049000 	C:\WINDOWS\SYSTEM32\WSOCK32.dll
0x00007ffd466a0000 - 0x00007ffd466ed000 	C:\WINDOWS\SYSTEM32\POWRPROF.dll
0x00007ffd3fa60000 - 0x00007ffd3fa94000 	C:\WINDOWS\SYSTEM32\WINMM.dll
0x00007ffd4a3b0000 - 0x00007ffd4a421000 	C:\WINDOWS\System32\WS2_32.dll
0x00007ffd3f120000 - 0x00007ffd3f12a000 	C:\WINDOWS\SYSTEM32\VERSION.dll
0x00007ffd46680000 - 0x00007ffd46693000 	C:\WINDOWS\SYSTEM32\UMPDC.dll
0x00007ffd46940000 - 0x00007ffd46958000 	C:\WINDOWS\SYSTEM32\kernel.appcore.dll
0x00007ffd3fcd0000 - 0x00007ffd3fcda000 	c:\Users\Hi There\.vscode\extensions\redhat.java-1.28.1-win32-x64\jre\17.0.10-win32-x86_64\bin\jimage.dll
0x00007ffd3b9c0000 - 0x00007ffd3bbf3000 	C:\WINDOWS\SYSTEM32\DBGHELP.DLL
0x00007ffd48cf0000 - 0x00007ffd49078000 	C:\WINDOWS\System32\combase.dll
0x00007ffd49fe0000 - 0x00007ffd4a0b7000 	C:\WINDOWS\System32\OLEAUT32.dll
0x00007ffd3faa0000 - 0x00007ffd3fad2000 	C:\WINDOWS\SYSTEM32\dbgcore.DLL
0x00007ffd47fb0000 - 0x00007ffd4802a000 	C:\WINDOWS\System32\bcryptPrimitives.dll
0x00007ffd3fc90000 - 0x00007ffd3fcb5000 	c:\Users\Hi There\.vscode\extensions\redhat.java-1.28.1-win32-x64\jre\17.0.10-win32-x86_64\bin\java.dll

dbghelp: loaded successfully - version: 4.0.5 - missing functions: none
symbol engine: initialized successfully - sym options: 0x614 - pdb path: .;c:\Users\Hi There\.vscode\extensions\redhat.java-1.28.1-win32-x64\jre\17.0.10-win32-x86_64\bin;C:\WINDOWS\SYSTEM32;C:\WINDOWS\WinSxS\amd64_microsoft.windows.common-controls_6595b64144ccf1df_6.0.22621.3235_none_270f74e173860f98;c:\Users\Hi There\.vscode\extensions\redhat.java-1.28.1-win32-x64\jre\17.0.10-win32-x86_64\bin\server

VM Arguments:
jvm_args: -XX:+HeapDumpOnOutOfMemoryError -Xmx1024m -Dsts.lsp.client=vscode -Dsts.log.file=/dev/null -XX:TieredStopAtLevel=1 -Xlog:jni+resolve=off -Dspring.config.location=file:c:\Users\Hi There\.vscode\extensions\vmware.vscode-spring-boot-1.53.2024031204\language-server\BOOT-INF\classes\application.properties 
java_command: org.springframework.ide.vscode.boot.app.BootLanguageServerBootApp
java_class_path (initial): c:\Users\Hi There\.vscode\extensions\vmware.vscode-spring-boot-1.53.2024031204\language-server\BOOT-INF\classes;c:\Users\Hi There\.vscode\extensions\vmware.vscode-spring-boot-1.53.2024031204\language-server\BOOT-INF\lib\annotations-24.1.0.jar;c:\Users\Hi There\.vscode\extensions\vmware.vscode-spring-boot-1.53.2024031204\language-server\BOOT-INF\lib\antlr4-runtime-4.11.1.jar;c:\Users\Hi There\.vscode\extensions\vmware.vscode-spring-boot-1.53.2024031204\language-server\BOOT-INF\lib\asm-9.6.jar;c:\Users\Hi There\.vscode\extensions\vmware.vscode-spring-boot-1.53.2024031204\language-server\BOOT-INF\lib\asm-analysis-9.6.jar;c:\Users\Hi There\.vscode\extensions\vmware.vscode-spring-boot-1.53.2024031204\language-server\BOOT-INF\lib\asm-tree-9.6.jar;c:\Users\Hi There\.vscode\extensions\vmware.vscode-spring-boot-1.53.2024031204\language-server\BOOT-INF\lib\asm-util-9.6.jar;c:\Users\Hi There\.vscode\extensions\vmware.vscode-spring-boot-1.53.2024031204\language-server\BOOT-INF\lib\caffeine-3.1.8.jar;c:\Users\Hi There\.vscode\extensions\vmware.vscode-spring-boot-1.53.2024031204\language-server\BOOT-INF\lib\checker-qual-3.12.0.jar;c:\Users\Hi There\.vscode\extensions\vmware.vscode-spring-boot-1.53.2024031204\language-server\BOOT-INF\lib\classgraph-4.8.149.jar;c:\Users\Hi There\.vscode\extensions\vmware.vscode-spring-boot-1.53.2024031204\language-server\BOOT-INF\lib\commons-codec-1.16.1.jar;c:\Users\Hi There\.vscode\extensions\vmware.vscode-spring-boot-1.53.2024031204\language-server\BOOT-INF\lib\commons-compress-1.26.0.jar;c:\Users\Hi There\.vscode\extensions\vmware.vscode-spring-boot-1.53.2024031204\language-server\BOOT-INF\lib\commons-io-2.4.jar;c:\Users\Hi There\.vscode\extensions\vmware.vscode-spring-boot-1.53.2024031204\language-server\BOOT-INF\lib\commons-java-1.53.0-SNAPSHOT.jar;c:\Users\Hi There\.vscode\extensions\vmware.vscode-spring-boot-1.53.2024031204\language-server\BOOT-INF\lib\commons-lang3-3.13.0.jar;c:\Users\Hi There\.vscode\extension
Launcher Type: SUN_STANDARD

[Global flags]
     intx CICompilerCount                          = 12                                        {product} {ergonomic}
     uint ConcGCThreads                            = 3                                         {product} {ergonomic}
     uint G1ConcRefinementThreads                  = 13                                        {product} {ergonomic}
   size_t G1HeapRegionSize                         = 1048576                                   {product} {ergonomic}
    uintx GCDrainStackTargetSize                   = 64                                        {product} {ergonomic}
     bool HeapDumpOnOutOfMemoryError               = true                                   {manageable} {command line}
   size_t InitialHeapSize                          = 255852544                                 {product} {ergonomic}
   size_t MarkStackSize                            = 4194304                                   {product} {ergonomic}
   size_t MaxHeapSize                              = 1073741824                                {product} {command line}
   size_t MinHeapDeltaBytes                        = 1048576                                   {product} {ergonomic}
   size_t MinHeapSize                              = 8388608                                   {product} {ergonomic}
    uintx NonProfiledCodeHeapSize                  = 0                                      {pd product} {ergonomic}
     bool ProfileInterpreter                       = false                                  {pd product} {command line}
    uintx ProfiledCodeHeapSize                     = 0                                      {pd product} {ergonomic}
   size_t SoftMaxHeapSize                          = 1073741824                             {manageable} {ergonomic}
     intx TieredStopAtLevel                        = 1                                         {product} {command line}
     bool UseCompressedClassPointers               = true                           {product lp64_product} {ergonomic}
     bool UseCompressedOops                        = true                           {product lp64_product} {ergonomic}
     bool UseG1GC                                  = true                                      {product} {ergonomic}
     bool UseLargePagesIndividualAllocation        = false                                  {pd product} {ergonomic}

Logging:
Log output configuration:
 #0: stdout all=warning,jni+resolve=off uptime,level,tags (reconfigured)
 #1: stderr all=off uptime,level,tags

Environment Variables:
PATH=C:\Program Files\Common Files\Oracle\Java\javapath;C:\Windows\system32;C:\Windows;C:\Windows\System32\Wbem;C:\Windows\System32\WindowsPowerShell\v1.0\;C:\Windows\System32\OpenSSH\;C:\Program Files (x86)\NVIDIA Corporation\PhysX\Common;C:\Program Files\NVIDIA Corporation\NVIDIA NvDLISR;C:\WINDOWS\system32;C:\WINDOWS;C:\WINDOWS\System32\Wbem;C:\WINDOWS\System32\WindowsPowerShell\v1.0\;C:\WINDOWS\System32\OpenSSH\;C:\Program Files (x86)\Microsoft SQL Server\160\Tools\Binn\;C:\Program Files\Microsoft SQL Server\160\Tools\Binn\;C:\Program Files\Microsoft SQL Server\Client SDK\ODBC\170\Tools\Binn\;C:\Program Files\Microsoft SQL Server\160\DTS\Binn\;C:\Program Files (x86)\Microsoft SQL Server\160\DTS\Binn\;C:\Program Files\Azure Data Studio\bin;C:\Program Files\Git\cmd;C:\Program Files\dotnet\;C:\Program Files\Microsoft SQL Server\150\Tools\Binn\;C:\Program Files\Microsoft SQL Server\130\Tools\Binn\;C:\Program Files\nodejs\;C:\Users\Hi There\AppData\Local\Programs\Python\Python310\Scripts\;C:\Users\Hi There\AppData\Local\Programs\Python\Python310\;C:\Program Files\Common Files\Oracle\Java\javapath;C:\Windows\system32;C:\Windows;C:\Windows\System32\Wbem;C:\Windows\System32\WindowsPowerShell\v1.0\;C:\Windows\System32\OpenSSH\;C:\Program Files (x86)\NVIDIA Corporation\PhysX\Common;C:\Program Files\NVIDIA Corporation\NVIDIA NvDLISR;C:\WINDOWS\system32;C:\WINDOWS;C:\WINDOWS\System32\Wbem;C:\WINDOWS\System32\WindowsPowerShell\v1.0\;C:\WINDOWS\System32\OpenSSH\;C:\Program Files (x86)\Microsoft SQL Server\160\Tools\Binn\;C:\Program Files\Microsoft SQL Server\160\Tools\Binn\;C:\Program Files\Microsoft SQL Server\Client SDK\ODBC\170\Tools\Binn\;C:\Program Files\Microsoft SQL Server\160\DTS\Binn\;C:\Program Files (x86)\Microsoft SQL Server\160\DTS\Binn\;C:\Program Files\Azure Data Studio\bin;C:\Program Files\Git\cmd;C:\Program Files\dotnet\;C:\Program Files\Microsoft SQL Server\150\Tools\Binn\;C:\Program Files\Microsoft SQL Server\130\Tools\Binn\;C:\Program Files\nodejs\;C:\ðý?ng\d
USERNAME=Ganyu
OS=Windows_NT
PROCESSOR_IDENTIFIER=AMD64 Family 25 Model 68 Stepping 1, AuthenticAMD
TMP=C:\Users\HITHER~1\AppData\Local\Temp
TEMP=C:\Users\HITHER~1\AppData\Local\Temp



Periodic native trim disabled


---------------  S Y S T E M  ---------------

OS:
 Windows 11 , 64 bit Build 22621 (10.0.22621.3235)
OS uptime: 0 days 5:10 hours

CPU: total 16 (initial active 16) (16 cores per cpu, 2 threads per core) family 25 model 68 stepping 1 microcode 0x0, cx8, cmov, fxsr, ht, mmx, 3dnowpref, sse, sse2, sse3, ssse3, sse4a, sse4.1, sse4.2, popcnt, lzcnt, tsc, tscinvbit, avx, avx2, aes, clmul, bmi1, bmi2, adx, sha, fma, vzeroupper, clflush, clflushopt
Processor Information for all 16 processors :
  Max Mhz: 3201, Current Mhz: 3201, Mhz Limit: 3201

Memory: 4k page, system-wide physical 15613M (464M free)
TotalPageFile size 34863M (AvailPageFile size 190M)
current process WorkingSet (physical memory assigned to process): 11M, peak: 11M
current process commit charge ("private bytes"): 65M, peak: 309M

vm_info: OpenJDK 64-Bit Server VM (17.0.10+7) for windows-amd64 JRE (17.0.10+7), built on Jan 16 2024 23:25:11 by "admin" with MS VC++ 16.10 / 16.11 (VS2019)

END.
